<?xml version="1.0" encoding="UTF-8"?>
<!-- Generated by org.testng.reporters.JUnitReportReporter -->
<testsuite hostname="DESKTOP-DOG046A" failures="0" tests="5" name="com.nykaa.Runnernykaa" time="151.557" errors="0" timestamp="2023-09-02T10:54:49 IST" skipped="0">
  <testcase classname="com.nykaa.Runnernykaa" name="screenShot" time="0.333"/>
  <testcase classname="com.nykaa.Runnernykaa" name="LoginPage" time="60.861"/>
  <testcase classname="com.nykaa.Runnernykaa" name="productSerach" time="26.707"/>
  <testcase classname="com.nykaa.Runnernykaa" name="Cart" time="28.488"/>
  <testcase classname="com.nykaa.Runnernykaa" name="payment" time="35.168"/>
</testsuite> <!-- com.nykaa.Runnernykaa -->
